время вызова функции: 2022-12-06 23:48:34.337211
имя функции: hello_world
аргументы функции: позиционные () и именованные {}
возвращаемый результат: Hello World

время вызова функции: 2022-12-06 23:48:34.337991
имя функции: summator
аргументы функции: позиционные (2, 2) и именованные {}
возвращаемый результат: 4

время вызова функции: 2022-12-06 23:48:34.339041
имя функции: div
аргументы функции: позиционные (6, 2) и именованные {}
возвращаемый результат: 3.0

время вызова функции: 2022-12-06 23:48:34.339478
имя функции: summator
аргументы функции: позиционные (4.3,) и именованные {'b': 2.2}
возвращаемый результат: 6.5

время вызова функции: 2022-12-06 23:48:34.339682
имя функции: summator
аргументы функции: позиционные () и именованные {'a': 0, 'b': 0}
возвращаемый результат: 0

